<?xml version="1.0" encoding="UTF-8"?>
<!-- Generated by org.testng.reporters.JUnitReportReporter -->
<testsuite hostname="CHANDRU" name="com.acttime.genericlib.customerTest_withAll_annotation" tests="2" failures="0" timestamp="3 May 2019 19:25:13 GMT" time="0.008" errors="0">
  <testcase name="createCustomerTest" time="0.005" classname="com.acttime.genericlib.customerTest_withAll_annotation"/>
  <testcase name="modifyCustomerTest" time="0.003" classname="com.acttime.genericlib.customerTest_withAll_annotation"/>
</testsuite> <!-- com.acttime.genericlib.customerTest_withAll_annotation -->
