<?xml version="1.0" encoding="UTF-8"?>
<!-- Generated by org.testng.reporters.JUnitReportReporter -->
<testsuite hostname="CHANDRU" name="com.acttime.customerTest.customerTest" tests="2" failures="0" timestamp="9 May 2019 19:39:29 GMT" time="14.019" errors="0">
  <testcase name="createCustomer" time="9.614" classname="com.acttime.customerTest.customerTest"/>
  <testcase name="createCustomerWithDescTest" time="4.405" classname="com.acttime.customerTest.customerTest"/>
</testsuite> <!-- com.acttime.customerTest.customerTest -->
