<?xml version="1.0" encoding="UTF-8"?>
<!-- Generated by org.testng.reporters.JUnitReportReporter -->
<testsuite hostname="CHANDRU" name="com.acttime.genericlib.customertest1" tests="2" failures="0" timestamp="3 May 2019 19:18:43 GMT" time="0.017" errors="0">
  <testcase name="createCustomerTest" time="0.008" classname="com.acttime.genericlib.customertest1"/>
  <testcase name="modifyCustomerTest" time="0.009" classname="com.acttime.genericlib.customertest1"/>
</testsuite> <!-- com.acttime.genericlib.customertest1 -->
