<?xml version="1.0" encoding="UTF-8"?>
<!-- Generated by org.testng.reporters.JUnitReportReporter -->
<testsuite hostname="CHANDRU" name="com.acttime.genericlib.customertest" tests="1" failures="0" timestamp="6 May 2019 19:15:53 GMT" time="9.570" errors="0">
  <testcase name="createCustomerTest" time="9.570" classname="com.acttime.genericlib.customertest"/>
</testsuite> <!-- com.acttime.genericlib.customertest -->
